<?xml version="1.0" encoding="UTF-8"?>
<!-- Generated by org.testng.reporters.JUnitReportReporter -->
<testsuite hostname="LAPTOP-E6BJSNVG" failures="0" tests="1" name="Assg01" time="2.031" errors="0" timestamp="2021-11-03T08:04:23 IST" skipped="0">
  <testcase classname="Assg01" name="Assgmnt" time="2.031"/>
  <system-out/>
</testsuite> <!-- Assg01 -->
