<?xml version="1.0" encoding="UTF-8"?>
<!-- Generated by org.testng.reporters.JUnitReportReporter -->
<testsuite hostname="LAPTOP-E6BJSNVG" failures="0" tests="2" name="A08" time="3.392" errors="0" timestamp="2021-11-03T09:49:10 IST" skipped="0">
  <testcase classname="A08" name="req" time="2.845"/>
  <system-out/>
  <testcase classname="A08" name="req" time="0.547"/>
  <system-out/>
</testsuite> <!-- A08 -->
