<?xml version="1.0" encoding="UTF-8"?>
<!-- Generated by org.testng.reporters.JUnitReportReporter -->
<testsuite hostname="LAPTOP-E6BJSNVG" failures="0" tests="1" name="Assgnmnt04" time="2.774" errors="0" timestamp="2021-11-03T09:06:42 IST" skipped="0">
  <testcase classname="Assgnmnt04" name="asgnmnt" time="2.774"/>
  <system-out/>
</testsuite> <!-- Assgnmnt04 -->
