<?xml version="1.0" encoding="UTF-8"?>
<!-- Generated by org.testng.reporters.JUnitReportReporter -->
<testsuite hostname="LAPTOP-E6BJSNVG" failures="0" tests="1" name="Assgnmnt03" time="2.439" errors="0" timestamp="2021-11-03T08:17:51 IST" skipped="0">
  <testcase classname="Assgnmnt03" name="asgmnt" time="2.439"/>
  <system-out/>
</testsuite> <!-- Assgnmnt03 -->
