<?xml version="1.0" encoding="UTF-8"?>
<!-- Generated by org.testng.reporters.JUnitReportReporter -->
<testsuite hostname="LAPTOP-E6BJSNVG" failures="0" tests="2" name="Assignment02" time="2.432" errors="0" timestamp="2021-11-02T13:36:30 IST" skipped="0">
  <testcase classname="Assignment02" name="assgnmnt" time="1.712"/>
  <system-out/>
  <testcase classname="Assignment02" name="test_project" time="0.720"/>
  <system-out/>
</testsuite> <!-- Assignment02 -->
