<?xml version="1.0" encoding="UTF-8"?>
<!-- Generated by org.testng.reporters.JUnitReportReporter -->
<testsuite hostname="LAPTOP-E6BJSNVG" failures="0" tests="1" name="Asgmnt05" time="2.242" errors="0" timestamp="2021-11-03T09:06:02 IST" skipped="0">
  <testcase classname="Asgmnt05" name="response" time="2.242"/>
  <system-out/>
</testsuite> <!-- Asgmnt05 -->
