<?xml version="1.0" encoding="UTF-8"?>
<!-- Generated by org.testng.reporters.JUnitReportReporter -->
<testsuite hostname="LAPTOP-E6BJSNVG" failures="0" tests="1" name="Asgnmt06" time="2.957" errors="0" timestamp="2021-11-03T09:24:08 IST" skipped="0">
  <testcase classname="Asgnmt06" name="asgmnt" time="2.957"/>
  <system-out/>
</testsuite> <!-- Asgnmt06 -->
